
void:     file format elf64-littleriscv


Disassembly of section .text:

00000000000100b0 <register_fini>:
   100b0:	00000793          	li	a5,0
   100b4:	c789                	beqz	a5,100be <register_fini+0xe>
   100b6:	6541                	lui	a0,0x10
   100b8:	34850513          	addi	a0,a0,840 # 10348 <__libc_fini_array>
   100bc:	a4c1                	j	1037c <atexit>
   100be:	8082                	ret

00000000000100c0 <_start>:
   100c0:	00002197          	auipc	gp,0x2
   100c4:	b8018193          	addi	gp,gp,-1152 # 11c40 <__global_pointer$>
   100c8:	f6018513          	addi	a0,gp,-160 # 11ba0 <completed.1>
   100cc:	f9818613          	addi	a2,gp,-104 # 11bd8 <__BSS_END__>
   100d0:	8e09                	sub	a2,a2,a0
   100d2:	4581                	li	a1,0
   100d4:	108000ef          	jal	ra,101dc <memset>
   100d8:	00000517          	auipc	a0,0x0
   100dc:	2a450513          	addi	a0,a0,676 # 1037c <atexit>
   100e0:	c519                	beqz	a0,100ee <_start+0x2e>
   100e2:	00000517          	auipc	a0,0x0
   100e6:	26650513          	addi	a0,a0,614 # 10348 <__libc_fini_array>
   100ea:	292000ef          	jal	ra,1037c <atexit>
   100ee:	084000ef          	jal	ra,10172 <__libc_init_array>
   100f2:	4502                	lw	a0,0(sp)
   100f4:	002c                	addi	a1,sp,8
   100f6:	4601                	li	a2,0
   100f8:	04e000ef          	jal	ra,10146 <main>
   100fc:	a8a1                	j	10154 <exit>

00000000000100fe <__do_global_dtors_aux>:
   100fe:	1141                	addi	sp,sp,-16
   10100:	e022                	sd	s0,0(sp)
   10102:	f601c783          	lbu	a5,-160(gp) # 11ba0 <completed.1>
   10106:	e406                	sd	ra,8(sp)
   10108:	ef91                	bnez	a5,10124 <__do_global_dtors_aux+0x26>
   1010a:	00000793          	li	a5,0
   1010e:	cb81                	beqz	a5,1011e <__do_global_dtors_aux+0x20>
   10110:	6545                	lui	a0,0x11
   10112:	42450513          	addi	a0,a0,1060 # 11424 <__FRAME_END__>
   10116:	00000097          	auipc	ra,0x0
   1011a:	000000e7          	jalr	zero # 0 <register_fini-0x100b0>
   1011e:	4785                	li	a5,1
   10120:	f6f18023          	sb	a5,-160(gp) # 11ba0 <completed.1>
   10124:	60a2                	ld	ra,8(sp)
   10126:	6402                	ld	s0,0(sp)
   10128:	0141                	addi	sp,sp,16
   1012a:	8082                	ret

000000000001012c <frame_dummy>:
   1012c:	00000793          	li	a5,0
   10130:	cb91                	beqz	a5,10144 <frame_dummy+0x18>
   10132:	6545                	lui	a0,0x11
   10134:	f6818593          	addi	a1,gp,-152 # 11ba8 <object.0>
   10138:	42450513          	addi	a0,a0,1060 # 11424 <__FRAME_END__>
   1013c:	00000317          	auipc	t1,0x0
   10140:	00000067          	jr	zero # 0 <register_fini-0x100b0>
   10144:	8082                	ret

0000000000010146 <main>:
   10146:	1141                	addi	sp,sp,-16
   10148:	e422                	sd	s0,8(sp)
   1014a:	0800                	addi	s0,sp,16
   1014c:	0001                	nop
   1014e:	6422                	ld	s0,8(sp)
   10150:	0141                	addi	sp,sp,16
   10152:	8082                	ret

0000000000010154 <exit>:
   10154:	1141                	addi	sp,sp,-16
   10156:	4581                	li	a1,0
   10158:	e022                	sd	s0,0(sp)
   1015a:	e406                	sd	ra,8(sp)
   1015c:	842a                	mv	s0,a0
   1015e:	128000ef          	jal	ra,10286 <__call_exitprocs>
   10162:	f481b503          	ld	a0,-184(gp) # 11b88 <_global_impure_ptr>
   10166:	6d3c                	ld	a5,88(a0)
   10168:	c391                	beqz	a5,1016c <exit+0x18>
   1016a:	9782                	jalr	a5
   1016c:	8522                	mv	a0,s0
   1016e:	28e000ef          	jal	ra,103fc <_exit>

0000000000010172 <__libc_init_array>:
   10172:	1101                	addi	sp,sp,-32
   10174:	e822                	sd	s0,16(sp)
   10176:	e04a                	sd	s2,0(sp)
   10178:	6445                	lui	s0,0x11
   1017a:	6945                	lui	s2,0x11
   1017c:	42840793          	addi	a5,s0,1064 # 11428 <__init_array_start>
   10180:	42890913          	addi	s2,s2,1064 # 11428 <__init_array_start>
   10184:	40f90933          	sub	s2,s2,a5
   10188:	ec06                	sd	ra,24(sp)
   1018a:	e426                	sd	s1,8(sp)
   1018c:	40395913          	srai	s2,s2,0x3
   10190:	00090b63          	beqz	s2,101a6 <__libc_init_array+0x34>
   10194:	42840413          	addi	s0,s0,1064
   10198:	4481                	li	s1,0
   1019a:	601c                	ld	a5,0(s0)
   1019c:	0485                	addi	s1,s1,1
   1019e:	0421                	addi	s0,s0,8
   101a0:	9782                	jalr	a5
   101a2:	fe991ce3          	bne	s2,s1,1019a <__libc_init_array+0x28>
   101a6:	6445                	lui	s0,0x11
   101a8:	6945                	lui	s2,0x11
   101aa:	42840793          	addi	a5,s0,1064 # 11428 <__init_array_start>
   101ae:	43890913          	addi	s2,s2,1080 # 11438 <__do_global_dtors_aux_fini_array_entry>
   101b2:	40f90933          	sub	s2,s2,a5
   101b6:	40395913          	srai	s2,s2,0x3
   101ba:	00090b63          	beqz	s2,101d0 <__libc_init_array+0x5e>
   101be:	42840413          	addi	s0,s0,1064
   101c2:	4481                	li	s1,0
   101c4:	601c                	ld	a5,0(s0)
   101c6:	0485                	addi	s1,s1,1
   101c8:	0421                	addi	s0,s0,8
   101ca:	9782                	jalr	a5
   101cc:	fe991ce3          	bne	s2,s1,101c4 <__libc_init_array+0x52>
   101d0:	60e2                	ld	ra,24(sp)
   101d2:	6442                	ld	s0,16(sp)
   101d4:	64a2                	ld	s1,8(sp)
   101d6:	6902                	ld	s2,0(sp)
   101d8:	6105                	addi	sp,sp,32
   101da:	8082                	ret

00000000000101dc <memset>:
   101dc:	433d                	li	t1,15
   101de:	872a                	mv	a4,a0
   101e0:	02c37163          	bgeu	t1,a2,10202 <memset+0x26>
   101e4:	00f77793          	andi	a5,a4,15
   101e8:	e3c1                	bnez	a5,10268 <memset+0x8c>
   101ea:	e1bd                	bnez	a1,10250 <memset+0x74>
   101ec:	ff067693          	andi	a3,a2,-16
   101f0:	8a3d                	andi	a2,a2,15
   101f2:	96ba                	add	a3,a3,a4
   101f4:	e30c                	sd	a1,0(a4)
   101f6:	e70c                	sd	a1,8(a4)
   101f8:	0741                	addi	a4,a4,16
   101fa:	fed76de3          	bltu	a4,a3,101f4 <memset+0x18>
   101fe:	e211                	bnez	a2,10202 <memset+0x26>
   10200:	8082                	ret
   10202:	40c306b3          	sub	a3,t1,a2
   10206:	068a                	slli	a3,a3,0x2
   10208:	00000297          	auipc	t0,0x0
   1020c:	9696                	add	a3,a3,t0
   1020e:	00a68067          	jr	10(a3)
   10212:	00b70723          	sb	a1,14(a4)
   10216:	00b706a3          	sb	a1,13(a4)
   1021a:	00b70623          	sb	a1,12(a4)
   1021e:	00b705a3          	sb	a1,11(a4)
   10222:	00b70523          	sb	a1,10(a4)
   10226:	00b704a3          	sb	a1,9(a4)
   1022a:	00b70423          	sb	a1,8(a4)
   1022e:	00b703a3          	sb	a1,7(a4)
   10232:	00b70323          	sb	a1,6(a4)
   10236:	00b702a3          	sb	a1,5(a4)
   1023a:	00b70223          	sb	a1,4(a4)
   1023e:	00b701a3          	sb	a1,3(a4)
   10242:	00b70123          	sb	a1,2(a4)
   10246:	00b700a3          	sb	a1,1(a4)
   1024a:	00b70023          	sb	a1,0(a4)
   1024e:	8082                	ret
   10250:	0ff5f593          	zext.b	a1,a1
   10254:	00859693          	slli	a3,a1,0x8
   10258:	8dd5                	or	a1,a1,a3
   1025a:	01059693          	slli	a3,a1,0x10
   1025e:	8dd5                	or	a1,a1,a3
   10260:	02059693          	slli	a3,a1,0x20
   10264:	8dd5                	or	a1,a1,a3
   10266:	b759                	j	101ec <memset+0x10>
   10268:	00279693          	slli	a3,a5,0x2
   1026c:	00000297          	auipc	t0,0x0
   10270:	9696                	add	a3,a3,t0
   10272:	8286                	mv	t0,ra
   10274:	fa2680e7          	jalr	-94(a3)
   10278:	8096                	mv	ra,t0
   1027a:	17c1                	addi	a5,a5,-16
   1027c:	8f1d                	sub	a4,a4,a5
   1027e:	963e                	add	a2,a2,a5
   10280:	f8c371e3          	bgeu	t1,a2,10202 <memset+0x26>
   10284:	b79d                	j	101ea <memset+0xe>

0000000000010286 <__call_exitprocs>:
   10286:	715d                	addi	sp,sp,-80
   10288:	f052                	sd	s4,32(sp)
   1028a:	f481ba03          	ld	s4,-184(gp) # 11b88 <_global_impure_ptr>
   1028e:	f84a                	sd	s2,48(sp)
   10290:	e486                	sd	ra,72(sp)
   10292:	1f8a3903          	ld	s2,504(s4)
   10296:	e0a2                	sd	s0,64(sp)
   10298:	fc26                	sd	s1,56(sp)
   1029a:	f44e                	sd	s3,40(sp)
   1029c:	ec56                	sd	s5,24(sp)
   1029e:	e85a                	sd	s6,16(sp)
   102a0:	e45e                	sd	s7,8(sp)
   102a2:	e062                	sd	s8,0(sp)
   102a4:	02090863          	beqz	s2,102d4 <__call_exitprocs+0x4e>
   102a8:	8b2a                	mv	s6,a0
   102aa:	8bae                	mv	s7,a1
   102ac:	4a85                	li	s5,1
   102ae:	59fd                	li	s3,-1
   102b0:	00892483          	lw	s1,8(s2)
   102b4:	fff4841b          	addiw	s0,s1,-1
   102b8:	00044e63          	bltz	s0,102d4 <__call_exitprocs+0x4e>
   102bc:	048e                	slli	s1,s1,0x3
   102be:	94ca                	add	s1,s1,s2
   102c0:	020b8663          	beqz	s7,102ec <__call_exitprocs+0x66>
   102c4:	2084b783          	ld	a5,520(s1)
   102c8:	03778263          	beq	a5,s7,102ec <__call_exitprocs+0x66>
   102cc:	347d                	addiw	s0,s0,-1
   102ce:	14e1                	addi	s1,s1,-8
   102d0:	ff3418e3          	bne	s0,s3,102c0 <__call_exitprocs+0x3a>
   102d4:	60a6                	ld	ra,72(sp)
   102d6:	6406                	ld	s0,64(sp)
   102d8:	74e2                	ld	s1,56(sp)
   102da:	7942                	ld	s2,48(sp)
   102dc:	79a2                	ld	s3,40(sp)
   102de:	7a02                	ld	s4,32(sp)
   102e0:	6ae2                	ld	s5,24(sp)
   102e2:	6b42                	ld	s6,16(sp)
   102e4:	6ba2                	ld	s7,8(sp)
   102e6:	6c02                	ld	s8,0(sp)
   102e8:	6161                	addi	sp,sp,80
   102ea:	8082                	ret
   102ec:	00892783          	lw	a5,8(s2)
   102f0:	6498                	ld	a4,8(s1)
   102f2:	37fd                	addiw	a5,a5,-1
   102f4:	04878463          	beq	a5,s0,1033c <__call_exitprocs+0xb6>
   102f8:	0004b423          	sd	zero,8(s1)
   102fc:	db61                	beqz	a4,102cc <__call_exitprocs+0x46>
   102fe:	31092783          	lw	a5,784(s2)
   10302:	008a96bb          	sllw	a3,s5,s0
   10306:	00892c03          	lw	s8,8(s2)
   1030a:	8ff5                	and	a5,a5,a3
   1030c:	2781                	sext.w	a5,a5
   1030e:	ef89                	bnez	a5,10328 <__call_exitprocs+0xa2>
   10310:	9702                	jalr	a4
   10312:	00892703          	lw	a4,8(s2)
   10316:	1f8a3783          	ld	a5,504(s4)
   1031a:	01871463          	bne	a4,s8,10322 <__call_exitprocs+0x9c>
   1031e:	fb2787e3          	beq	a5,s2,102cc <__call_exitprocs+0x46>
   10322:	dbcd                	beqz	a5,102d4 <__call_exitprocs+0x4e>
   10324:	893e                	mv	s2,a5
   10326:	b769                	j	102b0 <__call_exitprocs+0x2a>
   10328:	31492783          	lw	a5,788(s2)
   1032c:	1084b583          	ld	a1,264(s1)
   10330:	8ff5                	and	a5,a5,a3
   10332:	2781                	sext.w	a5,a5
   10334:	e799                	bnez	a5,10342 <__call_exitprocs+0xbc>
   10336:	855a                	mv	a0,s6
   10338:	9702                	jalr	a4
   1033a:	bfe1                	j	10312 <__call_exitprocs+0x8c>
   1033c:	00892423          	sw	s0,8(s2)
   10340:	bf75                	j	102fc <__call_exitprocs+0x76>
   10342:	852e                	mv	a0,a1
   10344:	9702                	jalr	a4
   10346:	b7f1                	j	10312 <__call_exitprocs+0x8c>

0000000000010348 <__libc_fini_array>:
   10348:	1101                	addi	sp,sp,-32
   1034a:	e822                	sd	s0,16(sp)
   1034c:	67c5                	lui	a5,0x11
   1034e:	6445                	lui	s0,0x11
   10350:	43878793          	addi	a5,a5,1080 # 11438 <__do_global_dtors_aux_fini_array_entry>
   10354:	44040413          	addi	s0,s0,1088 # 11440 <impure_data>
   10358:	8c1d                	sub	s0,s0,a5
   1035a:	e426                	sd	s1,8(sp)
   1035c:	ec06                	sd	ra,24(sp)
   1035e:	40345493          	srai	s1,s0,0x3
   10362:	c881                	beqz	s1,10372 <__libc_fini_array+0x2a>
   10364:	1461                	addi	s0,s0,-8
   10366:	943e                	add	s0,s0,a5
   10368:	601c                	ld	a5,0(s0)
   1036a:	14fd                	addi	s1,s1,-1
   1036c:	1461                	addi	s0,s0,-8
   1036e:	9782                	jalr	a5
   10370:	fce5                	bnez	s1,10368 <__libc_fini_array+0x20>
   10372:	60e2                	ld	ra,24(sp)
   10374:	6442                	ld	s0,16(sp)
   10376:	64a2                	ld	s1,8(sp)
   10378:	6105                	addi	sp,sp,32
   1037a:	8082                	ret

000000000001037c <atexit>:
   1037c:	85aa                	mv	a1,a0
   1037e:	4681                	li	a3,0
   10380:	4601                	li	a2,0
   10382:	4501                	li	a0,0
   10384:	a009                	j	10386 <__register_exitproc>

0000000000010386 <__register_exitproc>:
   10386:	f481b703          	ld	a4,-184(gp) # 11b88 <_global_impure_ptr>
   1038a:	1f873783          	ld	a5,504(a4)
   1038e:	c3b1                	beqz	a5,103d2 <__register_exitproc+0x4c>
   10390:	4798                	lw	a4,8(a5)
   10392:	487d                	li	a6,31
   10394:	06e84263          	blt	a6,a4,103f8 <__register_exitproc+0x72>
   10398:	c505                	beqz	a0,103c0 <__register_exitproc+0x3a>
   1039a:	00371813          	slli	a6,a4,0x3
   1039e:	983e                	add	a6,a6,a5
   103a0:	10c83823          	sd	a2,272(a6)
   103a4:	3107a883          	lw	a7,784(a5)
   103a8:	4605                	li	a2,1
   103aa:	00e6163b          	sllw	a2,a2,a4
   103ae:	00c8e8b3          	or	a7,a7,a2
   103b2:	3117a823          	sw	a7,784(a5)
   103b6:	20d83823          	sd	a3,528(a6)
   103ba:	4689                	li	a3,2
   103bc:	02d50063          	beq	a0,a3,103dc <__register_exitproc+0x56>
   103c0:	00270693          	addi	a3,a4,2
   103c4:	068e                	slli	a3,a3,0x3
   103c6:	2705                	addiw	a4,a4,1
   103c8:	c798                	sw	a4,8(a5)
   103ca:	97b6                	add	a5,a5,a3
   103cc:	e38c                	sd	a1,0(a5)
   103ce:	4501                	li	a0,0
   103d0:	8082                	ret
   103d2:	20070793          	addi	a5,a4,512
   103d6:	1ef73c23          	sd	a5,504(a4)
   103da:	bf5d                	j	10390 <__register_exitproc+0xa>
   103dc:	3147a683          	lw	a3,788(a5)
   103e0:	4501                	li	a0,0
   103e2:	8ed1                	or	a3,a3,a2
   103e4:	30d7aa23          	sw	a3,788(a5)
   103e8:	00270693          	addi	a3,a4,2
   103ec:	068e                	slli	a3,a3,0x3
   103ee:	2705                	addiw	a4,a4,1
   103f0:	c798                	sw	a4,8(a5)
   103f2:	97b6                	add	a5,a5,a3
   103f4:	e38c                	sd	a1,0(a5)
   103f6:	8082                	ret
   103f8:	557d                	li	a0,-1
   103fa:	8082                	ret

00000000000103fc <_exit>:
   103fc:	05d00893          	li	a7,93
   10400:	00000073          	ecall
   10404:	00054363          	bltz	a0,1040a <_exit+0xe>
   10408:	a001                	j	10408 <_exit+0xc>
   1040a:	1141                	addi	sp,sp,-16
   1040c:	e022                	sd	s0,0(sp)
   1040e:	842a                	mv	s0,a0
   10410:	e406                	sd	ra,8(sp)
   10412:	4080043b          	negw	s0,s0
   10416:	008000ef          	jal	ra,1041e <__errno>
   1041a:	c100                	sw	s0,0(a0)
   1041c:	a001                	j	1041c <_exit+0x20>

000000000001041e <__errno>:
   1041e:	f581b503          	ld	a0,-168(gp) # 11b98 <_impure_ptr>
   10422:	8082                	ret
